[0.591s] DEBUG:colcon:Command line arguments: ['/Users/vaibhavsemwal/miniforge3/envs/ros_env/bin/colcon', 'build']
[0.591s] DEBUG:colcon:Parsed command line arguments: Namespace(log_base=None, log_level=None, verb_name='build', build_base='build', install_base='install', merge_install=False, symlink_install=False, test_result_base=None, continue_on_error=False, executor='parallel', parallel_workers=8, event_handlers=None, ignore_user_meta=False, metas=['./colcon.meta'], base_paths=['.'], packages_ignore=None, packages_ignore_regex=None, paths=None, packages_up_to=None, packages_up_to_regex=None, packages_above=None, packages_above_and_dependencies=None, packages_above_depth=None, packages_select_by_dep=None, packages_skip_by_dep=None, packages_skip_up_to=None, packages_select_build_failed=False, packages_skip_build_finished=False, packages_select_test_failures=False, packages_skip_test_passed=False, packages_select=None, packages_skip=None, packages_select_regex=None, packages_skip_regex=None, packages_start=None, packages_end=None, cmake_args=None, cmake_target=None, cmake_target_skip_unavailable=False, cmake_clean_cache=False, cmake_clean_first=False, cmake_force_configure=False, ament_cmake_args=None, catkin_cmake_args=None, catkin_skip_building_tests=False, verb_parser=<colcon_defaults.argument_parser.defaults.DefaultArgumentsDecorator object at 0x102315a90>, verb_extension=<colcon_core.verb.build.BuildVerb object at 0x101b770d0>, main=<bound method BuildVerb.main of <colcon_core.verb.build.BuildVerb object at 0x101b770d0>>)
[0.627s] Level 1:colcon.colcon_core.package_discovery:discover_packages(colcon_meta) check parameters
[0.628s] Level 1:colcon.colcon_core.package_discovery:discover_packages(recursive) check parameters
[0.628s] Level 1:colcon.colcon_core.package_discovery:discover_packages(ignore) check parameters
[0.628s] Level 1:colcon.colcon_core.package_discovery:discover_packages(path) check parameters
[0.628s] Level 1:colcon.colcon_core.package_discovery:discover_packages(colcon_meta) discover
[0.628s] Level 1:colcon.colcon_core.package_discovery:discover_packages(recursive) discover
[0.628s] INFO:colcon.colcon_core.package_discovery:Crawling recursively for packages in '/Users/vaibhavsemwal/ass4_ws'
[0.628s] Level 1:colcon.colcon_core.package_identification:_identify(.) by extensions ['ignore', 'ignore_ament_install']
[0.628s] Level 1:colcon.colcon_core.package_identification:_identify(.) by extension 'ignore'
[0.628s] Level 1:colcon.colcon_core.package_identification:_identify(.) by extension 'ignore_ament_install'
[0.628s] Level 1:colcon.colcon_core.package_identification:_identify(.) by extensions ['colcon_pkg']
[0.628s] Level 1:colcon.colcon_core.package_identification:_identify(.) by extension 'colcon_pkg'
[0.628s] Level 1:colcon.colcon_core.package_identification:_identify(.) by extensions ['colcon_meta']
[0.628s] Level 1:colcon.colcon_core.package_identification:_identify(.) by extension 'colcon_meta'
[0.628s] Level 1:colcon.colcon_core.package_identification:_identify(.) by extensions ['ros']
[0.628s] Level 1:colcon.colcon_core.package_identification:_identify(.) by extension 'ros'
[0.648s] Level 1:colcon.colcon_core.package_identification:_identify(.) by extensions ['cmake', 'python']
[0.648s] Level 1:colcon.colcon_core.package_identification:_identify(.) by extension 'cmake'
[0.648s] Level 1:colcon.colcon_core.package_identification:_identify(.) by extension 'python'
[0.648s] Level 1:colcon.colcon_core.package_identification:_identify(.) by extensions ['python_setup_py']
[0.648s] Level 1:colcon.colcon_core.package_identification:_identify(.) by extension 'python_setup_py'
[0.648s] Level 1:colcon.colcon_core.package_identification:_identify(build) by extensions ['ignore', 'ignore_ament_install']
[0.648s] Level 1:colcon.colcon_core.package_identification:_identify(build) by extension 'ignore'
[0.648s] Level 1:colcon.colcon_core.package_identification:_identify(build) ignored
[0.648s] Level 1:colcon.colcon_core.package_identification:_identify(install) by extensions ['ignore', 'ignore_ament_install']
[0.648s] Level 1:colcon.colcon_core.package_identification:_identify(install) by extension 'ignore'
[0.648s] Level 1:colcon.colcon_core.package_identification:_identify(install) ignored
[0.648s] Level 1:colcon.colcon_core.package_identification:_identify(log) by extensions ['ignore', 'ignore_ament_install']
[0.648s] Level 1:colcon.colcon_core.package_identification:_identify(log) by extension 'ignore'
[0.648s] Level 1:colcon.colcon_core.package_identification:_identify(log) ignored
[0.648s] Level 1:colcon.colcon_core.package_identification:_identify(src) by extensions ['ignore', 'ignore_ament_install']
[0.648s] Level 1:colcon.colcon_core.package_identification:_identify(src) by extension 'ignore'
[0.648s] Level 1:colcon.colcon_core.package_identification:_identify(src) by extension 'ignore_ament_install'
[0.648s] Level 1:colcon.colcon_core.package_identification:_identify(src) by extensions ['colcon_pkg']
[0.648s] Level 1:colcon.colcon_core.package_identification:_identify(src) by extension 'colcon_pkg'
[0.648s] Level 1:colcon.colcon_core.package_identification:_identify(src) by extensions ['colcon_meta']
[0.648s] Level 1:colcon.colcon_core.package_identification:_identify(src) by extension 'colcon_meta'
[0.648s] Level 1:colcon.colcon_core.package_identification:_identify(src) by extensions ['ros']
[0.648s] Level 1:colcon.colcon_core.package_identification:_identify(src) by extension 'ros'
[0.648s] Level 1:colcon.colcon_core.package_identification:_identify(src) by extensions ['cmake', 'python']
[0.648s] Level 1:colcon.colcon_core.package_identification:_identify(src) by extension 'cmake'
[0.648s] Level 1:colcon.colcon_core.package_identification:_identify(src) by extension 'python'
[0.648s] Level 1:colcon.colcon_core.package_identification:_identify(src) by extensions ['python_setup_py']
[0.648s] Level 1:colcon.colcon_core.package_identification:_identify(src) by extension 'python_setup_py'
[0.648s] Level 1:colcon.colcon_core.package_identification:_identify(src/client_arucotag) by extensions ['ignore', 'ignore_ament_install']
[0.648s] Level 1:colcon.colcon_core.package_identification:_identify(src/client_arucotag) by extension 'ignore'
[0.648s] Level 1:colcon.colcon_core.package_identification:_identify(src/client_arucotag) by extension 'ignore_ament_install'
[0.648s] Level 1:colcon.colcon_core.package_identification:_identify(src/client_arucotag) by extensions ['colcon_pkg']
[0.648s] Level 1:colcon.colcon_core.package_identification:_identify(src/client_arucotag) by extension 'colcon_pkg'
[0.648s] Level 1:colcon.colcon_core.package_identification:_identify(src/client_arucotag) by extensions ['colcon_meta']
[0.648s] Level 1:colcon.colcon_core.package_identification:_identify(src/client_arucotag) by extension 'colcon_meta'
[0.649s] Level 1:colcon.colcon_core.package_identification:_identify(src/client_arucotag) by extensions ['ros']
[0.649s] Level 1:colcon.colcon_core.package_identification:_identify(src/client_arucotag) by extension 'ros'
[0.651s] DEBUG:colcon.colcon_core.package_identification:Package 'src/client_arucotag' with type 'ros.ament_cmake' and name 'client_arucotag'
[0.651s] Level 1:colcon.colcon_core.package_discovery:discover_packages(recursive) using defaults
[0.651s] Level 1:colcon.colcon_core.package_discovery:discover_packages(ignore) discover
[0.651s] Level 1:colcon.colcon_core.package_discovery:discover_packages(ignore) using defaults
[0.651s] Level 1:colcon.colcon_core.package_discovery:discover_packages(path) discover
[0.651s] Level 1:colcon.colcon_core.package_discovery:discover_packages(path) using defaults
[0.692s] Level 5:colcon.colcon_core.verb:set package 'client_arucotag' build argument 'cmake_args' from command line to 'None'
[0.693s] Level 5:colcon.colcon_core.verb:set package 'client_arucotag' build argument 'cmake_target' from command line to 'None'
[0.693s] Level 5:colcon.colcon_core.verb:set package 'client_arucotag' build argument 'cmake_target_skip_unavailable' from command line to 'False'
[0.693s] Level 5:colcon.colcon_core.verb:set package 'client_arucotag' build argument 'cmake_clean_cache' from command line to 'False'
[0.693s] Level 5:colcon.colcon_core.verb:set package 'client_arucotag' build argument 'cmake_clean_first' from command line to 'False'
[0.693s] Level 5:colcon.colcon_core.verb:set package 'client_arucotag' build argument 'cmake_force_configure' from command line to 'False'
[0.693s] Level 5:colcon.colcon_core.verb:set package 'client_arucotag' build argument 'ament_cmake_args' from command line to 'None'
[0.693s] Level 5:colcon.colcon_core.verb:set package 'client_arucotag' build argument 'catkin_cmake_args' from command line to 'None'
[0.693s] Level 5:colcon.colcon_core.verb:set package 'client_arucotag' build argument 'catkin_skip_building_tests' from command line to 'False'
[0.693s] DEBUG:colcon.colcon_core.verb:Building package 'client_arucotag' with the following arguments: {'ament_cmake_args': None, 'build_base': '/Users/vaibhavsemwal/ass4_ws/build/client_arucotag', 'catkin_cmake_args': None, 'catkin_skip_building_tests': False, 'cmake_args': None, 'cmake_clean_cache': False, 'cmake_clean_first': False, 'cmake_force_configure': False, 'cmake_target': None, 'cmake_target_skip_unavailable': False, 'install_base': '/Users/vaibhavsemwal/ass4_ws/install/client_arucotag', 'merge_install': False, 'path': '/Users/vaibhavsemwal/ass4_ws/src/client_arucotag', 'symlink_install': False, 'test_result_base': None}
[0.698s] INFO:colcon.colcon_core.executor:Executing jobs using 'parallel' executor
[0.704s] DEBUG:colcon.colcon_parallel_executor.executor.parallel:run_until_complete
[0.705s] INFO:colcon.colcon_ros.task.ament_cmake.build:Building ROS package in '/Users/vaibhavsemwal/ass4_ws/src/client_arucotag' with build type 'ament_cmake'
[0.705s] INFO:colcon.colcon_cmake.task.cmake.build:Building CMake package in '/Users/vaibhavsemwal/ass4_ws/src/client_arucotag'
[0.713s] INFO:colcon.colcon_core.plugin_system:Skipping extension 'colcon_core.shell.bat': Not used on non-Windows systems
[0.713s] INFO:colcon.colcon_core.shell:Skip shell extension 'powershell' for command environment: Not usable outside of PowerShell
[0.713s] DEBUG:colcon.colcon_core.shell:Skip shell extension 'dsv' for command environment
[0.741s] DEBUG:colcon.colcon_core.event_handler.log_command:Invoking command in '/Users/vaibhavsemwal/ass4_ws/build/client_arucotag': CMAKE_PREFIX_PATH=/Users/vaibhavsemwal/miniforge3/envs/ros_env CONDA_PROMPT_MODIFIER=(ros_env) SHLVL=2 _=/usr/bin/env __CF_USER_TEXT_ENCODING=0x1F5:0x0:0x0 /Users/vaibhavsemwal/miniforge3/envs/ros_env/bin/cmake /Users/vaibhavsemwal/ass4_ws/src/client_arucotag -DCMAKE_INSTALL_PREFIX=/Users/vaibhavsemwal/ass4_ws/install/client_arucotag
[8.013s] DEBUG:colcon.colcon_core.event_handler.log_command:Invoked command in '/Users/vaibhavsemwal/ass4_ws/build/client_arucotag' returned '0': CMAKE_PREFIX_PATH=/Users/vaibhavsemwal/miniforge3/envs/ros_env CONDA_PROMPT_MODIFIER=(ros_env) SHLVL=2 _=/usr/bin/env __CF_USER_TEXT_ENCODING=0x1F5:0x0:0x0 /Users/vaibhavsemwal/miniforge3/envs/ros_env/bin/cmake /Users/vaibhavsemwal/ass4_ws/src/client_arucotag -DCMAKE_INSTALL_PREFIX=/Users/vaibhavsemwal/ass4_ws/install/client_arucotag
[8.015s] DEBUG:colcon.colcon_core.event_handler.log_command:Invoking command in '/Users/vaibhavsemwal/ass4_ws/build/client_arucotag': CMAKE_PREFIX_PATH=/Users/vaibhavsemwal/miniforge3/envs/ros_env CONDA_PROMPT_MODIFIER=(ros_env) SHLVL=2 _=/usr/bin/env __CF_USER_TEXT_ENCODING=0x1F5:0x0:0x0 /Users/vaibhavsemwal/miniforge3/envs/ros_env/bin/cmake --build /Users/vaibhavsemwal/ass4_ws/build/client_arucotag -- -j8 -l8
[8.063s] DEBUG:colcon.colcon_core.event_handler.log_command:Invoked command in '/Users/vaibhavsemwal/ass4_ws/build/client_arucotag' returned '0': CMAKE_PREFIX_PATH=/Users/vaibhavsemwal/miniforge3/envs/ros_env CONDA_PROMPT_MODIFIER=(ros_env) SHLVL=2 _=/usr/bin/env __CF_USER_TEXT_ENCODING=0x1F5:0x0:0x0 /Users/vaibhavsemwal/miniforge3/envs/ros_env/bin/cmake --build /Users/vaibhavsemwal/ass4_ws/build/client_arucotag -- -j8 -l8
[8.116s] DEBUG:colcon.colcon_core.event_handler.log_command:Invoking command in '/Users/vaibhavsemwal/ass4_ws/build/client_arucotag': CMAKE_PREFIX_PATH=/Users/vaibhavsemwal/miniforge3/envs/ros_env CONDA_PROMPT_MODIFIER=(ros_env) SHLVL=2 _=/usr/bin/env __CF_USER_TEXT_ENCODING=0x1F5:0x0:0x0 /Users/vaibhavsemwal/miniforge3/envs/ros_env/bin/cmake --install /Users/vaibhavsemwal/ass4_ws/build/client_arucotag
[8.129s] Level 1:colcon.colcon_core.environment:create_environment_scripts_only(client_arucotag)
[8.129s] DEBUG:colcon.colcon_core.event_handler.log_command:Invoked command in '/Users/vaibhavsemwal/ass4_ws/build/client_arucotag' returned '0': CMAKE_PREFIX_PATH=/Users/vaibhavsemwal/miniforge3/envs/ros_env CONDA_PROMPT_MODIFIER=(ros_env) SHLVL=2 _=/usr/bin/env __CF_USER_TEXT_ENCODING=0x1F5:0x0:0x0 /Users/vaibhavsemwal/miniforge3/envs/ros_env/bin/cmake --install /Users/vaibhavsemwal/ass4_ws/build/client_arucotag
[8.140s] Level 1:colcon.colcon_core.environment:checking '/Users/vaibhavsemwal/ass4_ws/install/client_arucotag' for CMake module files
[8.140s] Level 1:colcon.colcon_core.environment:checking '/Users/vaibhavsemwal/ass4_ws/install/client_arucotag' for CMake config files
[8.140s] Level 1:colcon.colcon_core.shell:create_environment_hook('client_arucotag', 'cmake_prefix_path')
[8.146s] INFO:colcon.colcon_core.shell:Creating environment hook '/Users/vaibhavsemwal/ass4_ws/install/client_arucotag/share/client_arucotag/hook/cmake_prefix_path.ps1'
[8.146s] INFO:colcon.colcon_core.shell:Creating environment descriptor '/Users/vaibhavsemwal/ass4_ws/install/client_arucotag/share/client_arucotag/hook/cmake_prefix_path.dsv'
[8.147s] INFO:colcon.colcon_core.shell:Creating environment hook '/Users/vaibhavsemwal/ass4_ws/install/client_arucotag/share/client_arucotag/hook/cmake_prefix_path.sh'
[8.147s] Level 1:colcon.colcon_core.environment:checking '/Users/vaibhavsemwal/ass4_ws/install/client_arucotag/lib'
[8.147s] Level 1:colcon.colcon_core.environment:checking '/Users/vaibhavsemwal/ass4_ws/install/client_arucotag/bin'
[8.147s] Level 1:colcon.colcon_core.environment:checking '/Users/vaibhavsemwal/ass4_ws/install/client_arucotag/lib/pkgconfig/client_arucotag.pc'
[8.148s] Level 1:colcon.colcon_core.environment:checking '/Users/vaibhavsemwal/ass4_ws/install/client_arucotag/lib/python3.11/site-packages'
[8.148s] Level 1:colcon.colcon_core.environment:checking '/Users/vaibhavsemwal/ass4_ws/install/client_arucotag/bin'
[8.153s] INFO:colcon.colcon_core.shell:Creating package script '/Users/vaibhavsemwal/ass4_ws/install/client_arucotag/share/client_arucotag/package.ps1'
[8.154s] INFO:colcon.colcon_core.shell:Creating package descriptor '/Users/vaibhavsemwal/ass4_ws/install/client_arucotag/share/client_arucotag/package.dsv'
[8.154s] INFO:colcon.colcon_core.shell:Creating package script '/Users/vaibhavsemwal/ass4_ws/install/client_arucotag/share/client_arucotag/package.sh'
[8.154s] INFO:colcon.colcon_core.shell:Creating package script '/Users/vaibhavsemwal/ass4_ws/install/client_arucotag/share/client_arucotag/package.bash'
[8.155s] INFO:colcon.colcon_core.shell:Creating package script '/Users/vaibhavsemwal/ass4_ws/install/client_arucotag/share/client_arucotag/package.zsh'
[8.155s] Level 1:colcon.colcon_core.environment:create_file_with_runtime_dependencies(/Users/vaibhavsemwal/ass4_ws/install/client_arucotag/share/colcon-core/packages/client_arucotag)
[8.201s] Level 1:colcon.colcon_core.environment:create_environment_scripts_only(client_arucotag)
[8.207s] Level 1:colcon.colcon_core.environment:checking '/Users/vaibhavsemwal/ass4_ws/install/client_arucotag' for CMake module files
[8.207s] Level 1:colcon.colcon_core.environment:checking '/Users/vaibhavsemwal/ass4_ws/install/client_arucotag' for CMake config files
[8.208s] Level 1:colcon.colcon_core.shell:create_environment_hook('client_arucotag', 'cmake_prefix_path')
[8.213s] INFO:colcon.colcon_core.shell:Creating environment hook '/Users/vaibhavsemwal/ass4_ws/install/client_arucotag/share/client_arucotag/hook/cmake_prefix_path.ps1'
[8.214s] INFO:colcon.colcon_core.shell:Creating environment descriptor '/Users/vaibhavsemwal/ass4_ws/install/client_arucotag/share/client_arucotag/hook/cmake_prefix_path.dsv'
[8.214s] INFO:colcon.colcon_core.shell:Creating environment hook '/Users/vaibhavsemwal/ass4_ws/install/client_arucotag/share/client_arucotag/hook/cmake_prefix_path.sh'
[8.214s] Level 1:colcon.colcon_core.environment:checking '/Users/vaibhavsemwal/ass4_ws/install/client_arucotag/lib'
[8.214s] Level 1:colcon.colcon_core.environment:checking '/Users/vaibhavsemwal/ass4_ws/install/client_arucotag/bin'
[8.214s] Level 1:colcon.colcon_core.environment:checking '/Users/vaibhavsemwal/ass4_ws/install/client_arucotag/lib/pkgconfig/client_arucotag.pc'
[8.214s] Level 1:colcon.colcon_core.environment:checking '/Users/vaibhavsemwal/ass4_ws/install/client_arucotag/lib/python3.11/site-packages'
[8.214s] Level 1:colcon.colcon_core.environment:checking '/Users/vaibhavsemwal/ass4_ws/install/client_arucotag/bin'
[8.220s] INFO:colcon.colcon_core.shell:Creating package script '/Users/vaibhavsemwal/ass4_ws/install/client_arucotag/share/client_arucotag/package.ps1'
[8.221s] INFO:colcon.colcon_core.shell:Creating package descriptor '/Users/vaibhavsemwal/ass4_ws/install/client_arucotag/share/client_arucotag/package.dsv'
[8.221s] INFO:colcon.colcon_core.shell:Creating package script '/Users/vaibhavsemwal/ass4_ws/install/client_arucotag/share/client_arucotag/package.sh'
[8.221s] INFO:colcon.colcon_core.shell:Creating package script '/Users/vaibhavsemwal/ass4_ws/install/client_arucotag/share/client_arucotag/package.bash'
[8.221s] INFO:colcon.colcon_core.shell:Creating package script '/Users/vaibhavsemwal/ass4_ws/install/client_arucotag/share/client_arucotag/package.zsh'
[8.221s] Level 1:colcon.colcon_core.environment:create_file_with_runtime_dependencies(/Users/vaibhavsemwal/ass4_ws/install/client_arucotag/share/colcon-core/packages/client_arucotag)
[8.222s] DEBUG:colcon.colcon_parallel_executor.executor.parallel:closing loop
[8.222s] DEBUG:colcon.colcon_parallel_executor.executor.parallel:loop closed
[8.222s] DEBUG:colcon.colcon_parallel_executor.executor.parallel:run_until_complete finished with '0'
[8.222s] DEBUG:colcon.colcon_core.event_reactor:joining thread
[8.231s] ERROR:colcon.colcon_core.extension_point:Exception loading extension 'colcon_notification.desktop_notification.terminal_notifier': No module named 'colcon_notification.desktop_notification.terminal_notifier'
Traceback (most recent call last):
  File "/Users/vaibhavsemwal/miniforge3/envs/ros_env/lib/python3.11/site-packages/colcon_core/extension_point.py", line 124, in load_extension_points
    extension_type = load_extension_point(name, value, group)
                     ^^^^^^^^^^^^^^^^^^^^^^^^^^^^^^^^^^^^^^^^
  File "/Users/vaibhavsemwal/miniforge3/envs/ros_env/lib/python3.11/site-packages/colcon_core/extension_point.py", line 165, in load_extension_point
    return EntryPoint(name, value, group).load()
           ^^^^^^^^^^^^^^^^^^^^^^^^^^^^^^^^^^^^^
  File "/Users/vaibhavsemwal/miniforge3/envs/ros_env/lib/python3.11/importlib/metadata/__init__.py", line 202, in load
    module = import_module(match.group('module'))
             ^^^^^^^^^^^^^^^^^^^^^^^^^^^^^^^^^^^^
  File "/Users/vaibhavsemwal/miniforge3/envs/ros_env/lib/python3.11/importlib/__init__.py", line 126, in import_module
    return _bootstrap._gcd_import(name[level:], package, level)
           ^^^^^^^^^^^^^^^^^^^^^^^^^^^^^^^^^^^^^^^^^^^^^^^^^^^^
  File "<frozen importlib._bootstrap>", line 1204, in _gcd_import
  File "<frozen importlib._bootstrap>", line 1176, in _find_and_load
  File "<frozen importlib._bootstrap>", line 1140, in _find_and_load_unlocked
ModuleNotFoundError: No module named 'colcon_notification.desktop_notification.terminal_notifier'

[8.231s] INFO:colcon.colcon_core.plugin_system:Skipping extension 'colcon_notification.desktop_notification.notify2': 'notify2' not found
[8.231s] INFO:colcon.colcon_core.plugin_system:Skipping extension 'colcon_notification.desktop_notification.notify_send': Not used on non-Linux systems
[8.231s] INFO:colcon.colcon_core.plugin_system:Skipping extension 'colcon_notification.desktop_notification.win32': Not used on non-Windows systems
[8.231s] DEBUG:colcon.colcon_core.event_reactor:joined thread
[8.238s] INFO:colcon.colcon_core.shell:Creating prefix script '/Users/vaibhavsemwal/ass4_ws/install/local_setup.ps1'
[8.238s] INFO:colcon.colcon_core.shell:Creating prefix util module '/Users/vaibhavsemwal/ass4_ws/install/_local_setup_util_ps1.py'
[8.239s] INFO:colcon.colcon_core.shell:Creating prefix chain script '/Users/vaibhavsemwal/ass4_ws/install/setup.ps1'
[8.245s] INFO:colcon.colcon_core.shell:Creating prefix script '/Users/vaibhavsemwal/ass4_ws/install/local_setup.sh'
[8.245s] INFO:colcon.colcon_core.shell:Creating prefix util module '/Users/vaibhavsemwal/ass4_ws/install/_local_setup_util_sh.py'
[8.246s] INFO:colcon.colcon_core.shell:Creating prefix chain script '/Users/vaibhavsemwal/ass4_ws/install/setup.sh'
[8.252s] INFO:colcon.colcon_core.shell:Creating prefix script '/Users/vaibhavsemwal/ass4_ws/install/local_setup.bash'
[8.252s] INFO:colcon.colcon_core.shell:Creating prefix chain script '/Users/vaibhavsemwal/ass4_ws/install/setup.bash'
[8.258s] INFO:colcon.colcon_core.shell:Creating prefix script '/Users/vaibhavsemwal/ass4_ws/install/local_setup.zsh'
[8.259s] INFO:colcon.colcon_core.shell:Creating prefix chain script '/Users/vaibhavsemwal/ass4_ws/install/setup.zsh'
