-- The C compiler identification is AppleClang 15.0.0.15000100
-- The CXX compiler identification is AppleClang 15.0.0.15000100
-- Detecting C compiler ABI info
-- Detecting C compiler ABI info - done
-- Check for working C compiler: /Applications/Xcode.app/Contents/Developer/Toolchains/XcodeDefault.xctoolchain/usr/bin/cc - skipped
-- Detecting C compile features
-- Detecting C compile features - done
-- Detecting CXX compiler ABI info
-- Detecting CXX compiler ABI info - done
-- Check for working CXX compiler: /Applications/Xcode.app/Contents/Developer/Toolchains/XcodeDefault.xctoolchain/usr/bin/c++ - skipped
-- Detecting CXX compile features
-- Detecting CXX compile features - done
-- Found ament_cmake: 1.3.7 (/Users/vaibhavsemwal/miniforge3/envs/ros_env/share/ament_cmake/cmake)
-- Found Python3: /opt/homebrew/Frameworks/Python.framework/Versions/3.12/bin/python3.12 (found version "3.12.2") found components: Interpreter 
-- Found ament_lint_auto: 0.12.10 (/Users/vaibhavsemwal/miniforge3/envs/ros_env/share/ament_lint_auto/cmake)
-- Added test 'lint_cmake' to check CMake code style
-- Added test 'xmllint' to check XML markup files
-- Configuring done (6.9s)
-- Generating done (0.0s)
-- Build files have been written to: /Users/vaibhavsemwal/ass4_ws/build/client_arucotag
-- Install configuration: ""
-- Installing: /Users/vaibhavsemwal/ass4_ws/install/client_arucotag/share/ament_index/resource_index/package_run_dependencies/client_arucotag
-- Installing: /Users/vaibhavsemwal/ass4_ws/install/client_arucotag/share/ament_index/resource_index/parent_prefix_path/client_arucotag
-- Installing: /Users/vaibhavsemwal/ass4_ws/install/client_arucotag/share/client_arucotag/environment/ament_prefix_path.sh
-- Installing: /Users/vaibhavsemwal/ass4_ws/install/client_arucotag/share/client_arucotag/environment/ament_prefix_path.dsv
-- Installing: /Users/vaibhavsemwal/ass4_ws/install/client_arucotag/share/client_arucotag/environment/path.sh
-- Installing: /Users/vaibhavsemwal/ass4_ws/install/client_arucotag/share/client_arucotag/environment/path.dsv
-- Installing: /Users/vaibhavsemwal/ass4_ws/install/client_arucotag/share/client_arucotag/local_setup.bash
-- Installing: /Users/vaibhavsemwal/ass4_ws/install/client_arucotag/share/client_arucotag/local_setup.sh
-- Installing: /Users/vaibhavsemwal/ass4_ws/install/client_arucotag/share/client_arucotag/local_setup.zsh
-- Installing: /Users/vaibhavsemwal/ass4_ws/install/client_arucotag/share/client_arucotag/local_setup.dsv
-- Installing: /Users/vaibhavsemwal/ass4_ws/install/client_arucotag/share/client_arucotag/package.dsv
-- Installing: /Users/vaibhavsemwal/ass4_ws/install/client_arucotag/share/ament_index/resource_index/packages/client_arucotag
-- Installing: /Users/vaibhavsemwal/ass4_ws/install/client_arucotag/share/client_arucotag/cmake/client_arucotagConfig.cmake
-- Installing: /Users/vaibhavsemwal/ass4_ws/install/client_arucotag/share/client_arucotag/cmake/client_arucotagConfig-version.cmake
-- Installing: /Users/vaibhavsemwal/ass4_ws/install/client_arucotag/share/client_arucotag/package.xml
